<?xml version="1.0" encoding="UTF-8"?>
<testng-results skipped="0" failed="0" total="2" passed="2">
  <reporter-output>
  </reporter-output>
  <suite name="Default suite" duration-ms="180" started-at="2014-10-31T03:34:18Z" finished-at="2014-10-31T03:34:19Z">
    <groups>
    </groups>
    <test name="Default test" duration-ms="180" started-at="2014-10-31T03:34:18Z" finished-at="2014-10-31T03:34:19Z">
      <class name="com.hurl.algorithm.SortTest">
        <test-method status="PASS" signature="initList()[pri:0, instance:com.hurl.algorithm.SortTest@7f04eeb6]" name="initList" is-config="true" duration-ms="44" started-at="2014-10-31T11:34:18Z" finished-at="2014-10-31T11:34:18Z">
          <reporter-output>
          </reporter-output>
        </test-method> <!-- initList -->
        <test-method status="PASS" signature="resetList()[pri:0, instance:com.hurl.algorithm.SortTest@7f04eeb6]" name="resetList" is-config="true" duration-ms="6" started-at="2014-10-31T11:34:18Z" finished-at="2014-10-31T11:34:18Z">
          <reporter-output>
          </reporter-output>
        </test-method> <!-- resetList -->
        <test-method status="PASS" signature="mergeSort()[pri:0, instance:com.hurl.algorithm.SortTest@7f04eeb6]" name="mergeSort" duration-ms="33" started-at="2014-10-31T11:34:18Z" finished-at="2014-10-31T11:34:18Z">
          <reporter-output>
          </reporter-output>
        </test-method> <!-- mergeSort -->
        <test-method status="PASS" signature="printList()[pri:0, instance:com.hurl.algorithm.SortTest@7f04eeb6]" name="printList" is-config="true" duration-ms="4" started-at="2014-10-31T11:34:18Z" finished-at="2014-10-31T11:34:18Z">
          <reporter-output>
          </reporter-output>
        </test-method> <!-- printList -->
        <test-method status="PASS" signature="resetList()[pri:0, instance:com.hurl.algorithm.SortTest@7f04eeb6]" name="resetList" is-config="true" duration-ms="7" started-at="2014-10-31T11:34:19Z" finished-at="2014-10-31T11:34:19Z">
          <reporter-output>
          </reporter-output>
        </test-method> <!-- resetList -->
        <test-method status="PASS" signature="testQuickSort()[pri:0, instance:com.hurl.algorithm.SortTest@7f04eeb6]" name="testQuickSort" duration-ms="8" started-at="2014-10-31T11:34:19Z" finished-at="2014-10-31T11:34:19Z">
          <reporter-output>
          </reporter-output>
        </test-method> <!-- testQuickSort -->
        <test-method status="PASS" signature="printList()[pri:0, instance:com.hurl.algorithm.SortTest@7f04eeb6]" name="printList" is-config="true" duration-ms="11" started-at="2014-10-31T11:34:19Z" finished-at="2014-10-31T11:34:19Z">
          <reporter-output>
          </reporter-output>
        </test-method> <!-- printList -->
      </class> <!-- com.hurl.algorithm.SortTest -->
    </test> <!-- Default test -->
  </suite> <!-- Default suite -->
</testng-results>
